{"C:\\Proyectos\\Esmax\\Backend\\smx-notificacion\\app\\controllers\\baseController.js": {"path":"C:\\Proyectos\\Esmax\\Backend\\smx-notificacion\\app\\controllers\\baseController.js","statementMap":{"0":{"start":{"line":1,"column":11},"end":{"line":1,"column":29}},"1":{"start":{"line":2,"column":26},"end":{"line":2,"column":49}},"2":{"start":{"line":3,"column":24},"end":{"line":3,"column":52}},"3":{"start":{"line":7,"column":8},"end":{"line":7,"column":41}},"4":{"start":{"line":9,"column":8},"end":{"line":18,"column":10}},"5":{"start":{"line":20,"column":20},"end":{"line":20,"column":54}},"6":{"start":{"line":21,"column":8},"end":{"line":21,"column":41}},"7":{"start":{"line":25,"column":0},"end":{"line":25,"column":32}}},"fnMap":{"0":{"name":"(anonymous_0)","decl":{"start":{"line":6,"column":4},"end":{"line":6,"column":5}},"loc":{"start":{"line":6,"column":18},"end":{"line":22,"column":5}},"line":6}},"branchMap":{},"s":{"0":2,"1":2,"2":2,"3":2,"4":2,"5":2,"6":2,"7":2},"f":{"0":2},"b":{},"_coverageSchema":"1a1c01bbd47fc00a2c39e90264f33305004495a9","hash":"5074e52204608228e9f500c68a80fc6774ca8ab4"}
,"C:\\Proyectos\\Esmax\\Backend\\smx-notificacion\\app\\controllers\\notificationController.js": {"path":"C:\\Proyectos\\Esmax\\Backend\\smx-notificacion\\app\\controllers\\notificationController.js","statementMap":{"0":{"start":{"line":1,"column":23},"end":{"line":1,"column":50}},"1":{"start":{"line":5,"column":8},"end":{"line":5,"column":16}},"2":{"start":{"line":6,"column":8},"end":{"line":6,"column":57}},"3":{"start":{"line":9,"column":25},"end":{"line":18,"column":5}},"4":{"start":{"line":10,"column":8},"end":{"line":16,"column":9}},"5":{"start":{"line":11,"column":31},"end":{"line":11,"column":79}},"6":{"start":{"line":12,"column":12},"end":{"line":12,"column":32}},"7":{"start":{"line":15,"column":12},"end":{"line":15,"column":22}},"8":{"start":{"line":20,"column":25},"end":{"line":29,"column":5}},"9":{"start":{"line":21,"column":8},"end":{"line":28,"column":9}},"10":{"start":{"line":22,"column":12},"end":{"line":22,"column":96}},"11":{"start":{"line":23,"column":31},"end":{"line":23,"column":66}},"12":{"start":{"line":24,"column":12},"end":{"line":24,"column":32}},"13":{"start":{"line":27,"column":12},"end":{"line":27,"column":22}},"14":{"start":{"line":31,"column":25},"end":{"line":39,"column":5}},"15":{"start":{"line":32,"column":8},"end":{"line":38,"column":9}},"16":{"start":{"line":33,"column":31},"end":{"line":33,"column":69}},"17":{"start":{"line":34,"column":12},"end":{"line":34,"column":32}},"18":{"start":{"line":37,"column":12},"end":{"line":37,"column":22}},"19":{"start":{"line":41,"column":22},"end":{"line":49,"column":5}},"20":{"start":{"line":42,"column":8},"end":{"line":48,"column":9}},"21":{"start":{"line":43,"column":31},"end":{"line":43,"column":72}},"22":{"start":{"line":44,"column":12},"end":{"line":44,"column":32}},"23":{"start":{"line":47,"column":12},"end":{"line":47,"column":22}},"24":{"start":{"line":51,"column":32},"end":{"line":60,"column":5}},"25":{"start":{"line":52,"column":8},"end":{"line":59,"column":9}},"26":{"start":{"line":53,"column":12},"end":{"line":53,"column":102}},"27":{"start":{"line":54,"column":31},"end":{"line":54,"column":66}},"28":{"start":{"line":55,"column":12},"end":{"line":55,"column":32}},"29":{"start":{"line":58,"column":12},"end":{"line":58,"column":22}},"30":{"start":{"line":62,"column":25},"end":{"line":70,"column":5}},"31":{"start":{"line":63,"column":8},"end":{"line":69,"column":9}},"32":{"start":{"line":64,"column":31},"end":{"line":64,"column":101}},"33":{"start":{"line":65,"column":12},"end":{"line":65,"column":32}},"34":{"start":{"line":68,"column":12},"end":{"line":68,"column":22}},"35":{"start":{"line":73,"column":0},"end":{"line":73,"column":40}}},"fnMap":{"0":{"name":"(anonymous_0)","decl":{"start":{"line":4,"column":4},"end":{"line":4,"column":5}},"loc":{"start":{"line":4,"column":18},"end":{"line":7,"column":5}},"line":4},"1":{"name":"(anonymous_1)","decl":{"start":{"line":9,"column":25},"end":{"line":9,"column":26}},"loc":{"start":{"line":9,"column":41},"end":{"line":18,"column":5}},"line":9},"2":{"name":"(anonymous_2)","decl":{"start":{"line":20,"column":25},"end":{"line":20,"column":26}},"loc":{"start":{"line":20,"column":45},"end":{"line":29,"column":5}},"line":20},"3":{"name":"(anonymous_3)","decl":{"start":{"line":31,"column":25},"end":{"line":31,"column":26}},"loc":{"start":{"line":31,"column":37},"end":{"line":39,"column":5}},"line":31},"4":{"name":"(anonymous_4)","decl":{"start":{"line":41,"column":22},"end":{"line":41,"column":23}},"loc":{"start":{"line":41,"column":36},"end":{"line":49,"column":5}},"line":41},"5":{"name":"(anonymous_5)","decl":{"start":{"line":51,"column":32},"end":{"line":51,"column":33}},"loc":{"start":{"line":51,"column":52},"end":{"line":60,"column":5}},"line":51},"6":{"name":"(anonymous_6)","decl":{"start":{"line":62,"column":25},"end":{"line":62,"column":26}},"loc":{"start":{"line":62,"column":39},"end":{"line":70,"column":5}},"line":62}},"branchMap":{},"s":{"0":1,"1":1,"2":1,"3":1,"4":1,"5":1,"6":1,"7":0,"8":1,"9":1,"10":1,"11":1,"12":1,"13":0,"14":1,"15":1,"16":1,"17":1,"18":0,"19":1,"20":1,"21":1,"22":1,"23":0,"24":1,"25":0,"26":0,"27":0,"28":0,"29":0,"30":1,"31":0,"32":0,"33":0,"34":0,"35":1},"f":{"0":1,"1":1,"2":1,"3":1,"4":1,"5":0,"6":0},"b":{},"_coverageSchema":"1a1c01bbd47fc00a2c39e90264f33305004495a9","hash":"360edfed794c855abbc81ea83537ad9ec1c5913e"}
,"C:\\Proyectos\\Esmax\\Backend\\smx-notificacion\\app\\controllers\\notificationRecordController.js": {"path":"C:\\Proyectos\\Esmax\\Backend\\smx-notificacion\\app\\controllers\\notificationRecordController.js","statementMap":{"0":{"start":{"line":1,"column":23},"end":{"line":1,"column":50}},"1":{"start":{"line":2,"column":21},"end":{"line":2,"column":49}},"2":{"start":{"line":6,"column":8},"end":{"line":6,"column":16}},"3":{"start":{"line":7,"column":8},"end":{"line":7,"column":70}},"4":{"start":{"line":8,"column":8},"end":{"line":8,"column":41}},"5":{"start":{"line":9,"column":8},"end":{"line":9,"column":49}},"6":{"start":{"line":10,"column":8},"end":{"line":10,"column":56}},"7":{"start":{"line":11,"column":8},"end":{"line":11,"column":57}},"8":{"start":{"line":12,"column":8},"end":{"line":12,"column":55}},"9":{"start":{"line":13,"column":8},"end":{"line":13,"column":49}},"10":{"start":{"line":16,"column":39},"end":{"line":20,"column":5}},"11":{"start":{"line":17,"column":8},"end":{"line":19,"column":11}},"12":{"start":{"line":22,"column":39},"end":{"line":26,"column":5}},"13":{"start":{"line":23,"column":8},"end":{"line":25,"column":11}},"14":{"start":{"line":28,"column":31},"end":{"line":36,"column":5}},"15":{"start":{"line":29,"column":8},"end":{"line":35,"column":9}},"16":{"start":{"line":30,"column":37},"end":{"line":30,"column":91}},"17":{"start":{"line":31,"column":12},"end":{"line":31,"column":38}},"18":{"start":{"line":34,"column":12},"end":{"line":34,"column":22}},"19":{"start":{"line":38,"column":34},"end":{"line":53,"column":5}},"20":{"start":{"line":39,"column":8},"end":{"line":52,"column":9}},"21":{"start":{"line":40,"column":37},"end":{"line":47,"column":15}},"22":{"start":{"line":49,"column":12},"end":{"line":49,"column":38}},"23":{"start":{"line":51,"column":12},"end":{"line":51,"column":22}},"24":{"start":{"line":55,"column":31},"end":{"line":64,"column":5}},"25":{"start":{"line":56,"column":8},"end":{"line":63,"column":9}},"26":{"start":{"line":57,"column":12},"end":{"line":57,"column":108}},"27":{"start":{"line":58,"column":37},"end":{"line":58,"column":78}},"28":{"start":{"line":59,"column":12},"end":{"line":59,"column":38}},"29":{"start":{"line":62,"column":12},"end":{"line":62,"column":22}},"30":{"start":{"line":66,"column":31},"end":{"line":74,"column":5}},"31":{"start":{"line":67,"column":8},"end":{"line":73,"column":9}},"32":{"start":{"line":68,"column":37},"end":{"line":68,"column":81}},"33":{"start":{"line":69,"column":12},"end":{"line":69,"column":38}},"34":{"start":{"line":72,"column":12},"end":{"line":72,"column":22}},"35":{"start":{"line":76,"column":28},"end":{"line":84,"column":5}},"36":{"start":{"line":77,"column":8},"end":{"line":83,"column":9}},"37":{"start":{"line":78,"column":37},"end":{"line":78,"column":84}},"38":{"start":{"line":79,"column":12},"end":{"line":79,"column":38}},"39":{"start":{"line":82,"column":12},"end":{"line":82,"column":22}},"40":{"start":{"line":86,"column":31},"end":{"line":94,"column":5}},"41":{"start":{"line":87,"column":8},"end":{"line":93,"column":9}},"42":{"start":{"line":88,"column":37},"end":{"line":88,"column":119}},"43":{"start":{"line":89,"column":12},"end":{"line":89,"column":38}},"44":{"start":{"line":92,"column":12},"end":{"line":92,"column":22}},"45":{"start":{"line":97,"column":0},"end":{"line":97,"column":46}}},"fnMap":{"0":{"name":"(anonymous_0)","decl":{"start":{"line":5,"column":4},"end":{"line":5,"column":5}},"loc":{"start":{"line":5,"column":18},"end":{"line":14,"column":5}},"line":5},"1":{"name":"(anonymous_1)","decl":{"start":{"line":16,"column":39},"end":{"line":16,"column":40}},"loc":{"start":{"line":16,"column":79},"end":{"line":20,"column":5}},"line":16},"2":{"name":"(anonymous_2)","decl":{"start":{"line":22,"column":39},"end":{"line":22,"column":40}},"loc":{"start":{"line":22,"column":79},"end":{"line":26,"column":5}},"line":22},"3":{"name":"(anonymous_3)","decl":{"start":{"line":28,"column":31},"end":{"line":28,"column":32}},"loc":{"start":{"line":28,"column":47},"end":{"line":36,"column":5}},"line":28},"4":{"name":"(anonymous_4)","decl":{"start":{"line":38,"column":34},"end":{"line":38,"column":35}},"loc":{"start":{"line":38,"column":50},"end":{"line":53,"column":5}},"line":38},"5":{"name":"(anonymous_5)","decl":{"start":{"line":55,"column":31},"end":{"line":55,"column":32}},"loc":{"start":{"line":55,"column":51},"end":{"line":64,"column":5}},"line":55},"6":{"name":"(anonymous_6)","decl":{"start":{"line":66,"column":31},"end":{"line":66,"column":32}},"loc":{"start":{"line":66,"column":43},"end":{"line":74,"column":5}},"line":66},"7":{"name":"(anonymous_7)","decl":{"start":{"line":76,"column":28},"end":{"line":76,"column":29}},"loc":{"start":{"line":76,"column":42},"end":{"line":84,"column":5}},"line":76},"8":{"name":"(anonymous_8)","decl":{"start":{"line":86,"column":31},"end":{"line":86,"column":32}},"loc":{"start":{"line":86,"column":45},"end":{"line":94,"column":5}},"line":86}},"branchMap":{},"s":{"0":1,"1":1,"2":1,"3":1,"4":1,"5":1,"6":1,"7":1,"8":1,"9":1,"10":1,"11":0,"12":1,"13":0,"14":1,"15":0,"16":0,"17":0,"18":0,"19":1,"20":0,"21":0,"22":0,"23":0,"24":1,"25":0,"26":0,"27":0,"28":0,"29":0,"30":1,"31":1,"32":1,"33":1,"34":0,"35":1,"36":1,"37":1,"38":1,"39":0,"40":1,"41":0,"42":0,"43":0,"44":0,"45":1},"f":{"0":1,"1":0,"2":0,"3":0,"4":0,"5":0,"6":1,"7":1,"8":0},"b":{},"_coverageSchema":"1a1c01bbd47fc00a2c39e90264f33305004495a9","hash":"2e6769745582eace7578c7bb3f7b5a231ffb8be3"}
,"C:\\Proyectos\\Esmax\\Backend\\smx-notificacion\\app\\routes\\notificationRecordRoutes.js": {"path":"C:\\Proyectos\\Esmax\\Backend\\smx-notificacion\\app\\routes\\notificationRecordRoutes.js","statementMap":{"0":{"start":{"line":1,"column":19},"end":{"line":1,"column":37}},"1":{"start":{"line":3,"column":34},"end":{"line":3,"column":83}},"2":{"start":{"line":4,"column":34},"end":{"line":4,"column":63}},"3":{"start":{"line":6,"column":15},"end":{"line":6,"column":23}},"4":{"start":{"line":8,"column":0},"end":{"line":8,"column":75}},"5":{"start":{"line":9,"column":0},"end":{"line":9,"column":99}},"6":{"start":{"line":10,"column":0},"end":{"line":10,"column":78}},"7":{"start":{"line":11,"column":0},"end":{"line":11,"column":74}},"8":{"start":{"line":12,"column":0},"end":{"line":12,"column":72}},"9":{"start":{"line":13,"column":0},"end":{"line":13,"column":84}},"10":{"start":{"line":14,"column":0},"end":{"line":14,"column":81}},"11":{"start":{"line":16,"column":0},"end":{"line":16,"column":24}}},"fnMap":{},"branchMap":{},"s":{"0":1,"1":1,"2":1,"3":1,"4":1,"5":1,"6":1,"7":1,"8":1,"9":1,"10":1,"11":1},"f":{},"b":{},"_coverageSchema":"1a1c01bbd47fc00a2c39e90264f33305004495a9","hash":"93e13b56f100b47ac58c0f654bb39967e87bff61"}
,"C:\\Proyectos\\Esmax\\Backend\\smx-notificacion\\app\\routes\\notificationRoutes.js": {"path":"C:\\Proyectos\\Esmax\\Backend\\smx-notificacion\\app\\routes\\notificationRoutes.js","statementMap":{"0":{"start":{"line":1,"column":19},"end":{"line":1,"column":37}},"1":{"start":{"line":3,"column":28},"end":{"line":3,"column":71}},"2":{"start":{"line":4,"column":28},"end":{"line":4,"column":51}},"3":{"start":{"line":6,"column":15},"end":{"line":6,"column":23}},"4":{"start":{"line":8,"column":0},"end":{"line":8,"column":63}},"5":{"start":{"line":9,"column":0},"end":{"line":9,"column":66}},"6":{"start":{"line":10,"column":0},"end":{"line":10,"column":62}},"7":{"start":{"line":11,"column":0},"end":{"line":11,"column":60}},"8":{"start":{"line":12,"column":0},"end":{"line":12,"column":80}},"9":{"start":{"line":13,"column":0},"end":{"line":13,"column":69}},"10":{"start":{"line":15,"column":0},"end":{"line":15,"column":24}}},"fnMap":{},"branchMap":{},"s":{"0":1,"1":1,"2":1,"3":1,"4":1,"5":1,"6":1,"7":1,"8":1,"9":1,"10":1},"f":{},"b":{},"_coverageSchema":"1a1c01bbd47fc00a2c39e90264f33305004495a9","hash":"933a07c7d1739971f478bc38e76723718e1f8d06"}
,"C:\\Proyectos\\Esmax\\Backend\\smx-notificacion\\app\\services\\base.service.js": {"path":"C:\\Proyectos\\Esmax\\Backend\\smx-notificacion\\app\\services\\base.service.js","statementMap":{"0":{"start":{"line":1,"column":17},"end":{"line":1,"column":47}},"1":{"start":{"line":2,"column":20},"end":{"line":2,"column":53}},"2":{"start":{"line":6,"column":8},"end":{"line":6,"column":37}},"3":{"start":{"line":7,"column":8},"end":{"line":7,"column":43}},"4":{"start":{"line":11,"column":0},"end":{"line":11,"column":29}}},"fnMap":{"0":{"name":"(anonymous_0)","decl":{"start":{"line":5,"column":4},"end":{"line":5,"column":5}},"loc":{"start":{"line":5,"column":18},"end":{"line":8,"column":5}},"line":5}},"branchMap":{},"s":{"0":2,"1":2,"2":2,"3":2,"4":2},"f":{"0":2},"b":{},"_coverageSchema":"1a1c01bbd47fc00a2c39e90264f33305004495a9","hash":"caed0262a571aa2ba44fe1ea2bc305793c878790"}
,"C:\\Proyectos\\Esmax\\Backend\\smx-notificacion\\app\\services\\notification.service.js": {"path":"C:\\Proyectos\\Esmax\\Backend\\smx-notificacion\\app\\services\\notification.service.js","statementMap":{"0":{"start":{"line":1,"column":20},"end":{"line":1,"column":45}},"1":{"start":{"line":2,"column":31},"end":{"line":2,"column":79}},"2":{"start":{"line":6,"column":8},"end":{"line":6,"column":16}},"3":{"start":{"line":7,"column":8},"end":{"line":7,"column":65}},"4":{"start":{"line":10,"column":25},"end":{"line":27,"column":5}},"5":{"start":{"line":11,"column":8},"end":{"line":26,"column":9}},"6":{"start":{"line":12,"column":29},"end":{"line":12,"column":32}},"7":{"start":{"line":13,"column":27},"end":{"line":13,"column":85}},"8":{"start":{"line":14,"column":12},"end":{"line":18,"column":15}},"9":{"start":{"line":21,"column":12},"end":{"line":25,"column":15}},"10":{"start":{"line":29,"column":25},"end":{"line":46,"column":5}},"11":{"start":{"line":30,"column":8},"end":{"line":45,"column":9}},"12":{"start":{"line":31,"column":37},"end":{"line":31,"column":40}},"13":{"start":{"line":32,"column":27},"end":{"line":32,"column":96}},"14":{"start":{"line":33,"column":12},"end":{"line":37,"column":15}},"15":{"start":{"line":40,"column":12},"end":{"line":44,"column":15}},"16":{"start":{"line":48,"column":25},"end":{"line":64,"column":5}},"17":{"start":{"line":49,"column":8},"end":{"line":63,"column":9}},"18":{"start":{"line":50,"column":27},"end":{"line":50,"column":81}},"19":{"start":{"line":51,"column":12},"end":{"line":55,"column":15}},"20":{"start":{"line":58,"column":12},"end":{"line":62,"column":15}},"21":{"start":{"line":66,"column":22},"end":{"line":83,"column":5}},"22":{"start":{"line":67,"column":8},"end":{"line":82,"column":9}},"23":{"start":{"line":68,"column":31},"end":{"line":68,"column":34}},"24":{"start":{"line":69,"column":27},"end":{"line":69,"column":87}},"25":{"start":{"line":70,"column":12},"end":{"line":74,"column":15}},"26":{"start":{"line":77,"column":12},"end":{"line":81,"column":15}},"27":{"start":{"line":85,"column":32},"end":{"line":102,"column":5}},"28":{"start":{"line":86,"column":8},"end":{"line":101,"column":9}},"29":{"start":{"line":87,"column":37},"end":{"line":87,"column":40}},"30":{"start":{"line":88,"column":27},"end":{"line":88,"column":110}},"31":{"start":{"line":89,"column":12},"end":{"line":93,"column":15}},"32":{"start":{"line":96,"column":12},"end":{"line":100,"column":15}},"33":{"start":{"line":104,"column":25},"end":{"line":121,"column":5}},"34":{"start":{"line":105,"column":8},"end":{"line":120,"column":9}},"35":{"start":{"line":106,"column":31},"end":{"line":106,"column":34}},"36":{"start":{"line":107,"column":27},"end":{"line":107,"column":90}},"37":{"start":{"line":108,"column":12},"end":{"line":112,"column":15}},"38":{"start":{"line":115,"column":12},"end":{"line":119,"column":15}},"39":{"start":{"line":124,"column":0},"end":{"line":124,"column":37}}},"fnMap":{"0":{"name":"(anonymous_0)","decl":{"start":{"line":5,"column":4},"end":{"line":5,"column":5}},"loc":{"start":{"line":5,"column":18},"end":{"line":8,"column":5}},"line":5},"1":{"name":"(anonymous_1)","decl":{"start":{"line":10,"column":25},"end":{"line":10,"column":26}},"loc":{"start":{"line":10,"column":45},"end":{"line":27,"column":5}},"line":10},"2":{"name":"(anonymous_2)","decl":{"start":{"line":29,"column":25},"end":{"line":29,"column":26}},"loc":{"start":{"line":29,"column":45},"end":{"line":46,"column":5}},"line":29},"3":{"name":"(anonymous_3)","decl":{"start":{"line":48,"column":25},"end":{"line":48,"column":26}},"loc":{"start":{"line":48,"column":45},"end":{"line":64,"column":5}},"line":48},"4":{"name":"(anonymous_4)","decl":{"start":{"line":66,"column":22},"end":{"line":66,"column":23}},"loc":{"start":{"line":66,"column":42},"end":{"line":83,"column":5}},"line":66},"5":{"name":"(anonymous_5)","decl":{"start":{"line":85,"column":32},"end":{"line":85,"column":33}},"loc":{"start":{"line":85,"column":52},"end":{"line":102,"column":5}},"line":85},"6":{"name":"(anonymous_6)","decl":{"start":{"line":104,"column":25},"end":{"line":104,"column":26}},"loc":{"start":{"line":104,"column":45},"end":{"line":121,"column":5}},"line":104}},"branchMap":{},"s":{"0":1,"1":1,"2":1,"3":1,"4":1,"5":1,"6":1,"7":1,"8":1,"9":0,"10":1,"11":1,"12":1,"13":1,"14":1,"15":0,"16":1,"17":1,"18":1,"19":1,"20":0,"21":1,"22":1,"23":1,"24":1,"25":1,"26":0,"27":1,"28":0,"29":0,"30":0,"31":0,"32":0,"33":1,"34":0,"35":0,"36":0,"37":0,"38":0,"39":1},"f":{"0":1,"1":1,"2":1,"3":1,"4":1,"5":0,"6":0},"b":{},"_coverageSchema":"1a1c01bbd47fc00a2c39e90264f33305004495a9","hash":"cc28a281f175527aede81c3e10dd772ff25bdf8d"}
,"C:\\Proyectos\\Esmax\\Backend\\smx-notificacion\\app\\services\\notificationRecord.service.js": {"path":"C:\\Proyectos\\Esmax\\Backend\\smx-notificacion\\app\\services\\notificationRecord.service.js","statementMap":{"0":{"start":{"line":1,"column":20},"end":{"line":1,"column":45}},"1":{"start":{"line":2,"column":37},"end":{"line":2,"column":91}},"2":{"start":{"line":6,"column":8},"end":{"line":6,"column":16}},"3":{"start":{"line":7,"column":8},"end":{"line":7,"column":77}},"4":{"start":{"line":10,"column":31},"end":{"line":29,"column":5}},"5":{"start":{"line":11,"column":25},"end":{"line":11,"column":28}},"6":{"start":{"line":12,"column":8},"end":{"line":28,"column":9}},"7":{"start":{"line":13,"column":27},"end":{"line":13,"column":102}},"8":{"start":{"line":14,"column":12},"end":{"line":14,"column":127}},"9":{"start":{"line":16,"column":12},"end":{"line":20,"column":15}},"10":{"start":{"line":23,"column":12},"end":{"line":27,"column":15}},"11":{"start":{"line":30,"column":43},"end":{"line":49,"column":5}},"12":{"start":{"line":31,"column":25},"end":{"line":31,"column":28}},"13":{"start":{"line":32,"column":8},"end":{"line":48,"column":9}},"14":{"start":{"line":34,"column":12},"end":{"line":34,"column":123}},"15":{"start":{"line":36,"column":12},"end":{"line":40,"column":15}},"16":{"start":{"line":43,"column":12},"end":{"line":47,"column":15}},"17":{"start":{"line":54,"column":34},"end":{"line":71,"column":5}},"18":{"start":{"line":55,"column":8},"end":{"line":70,"column":9}},"19":{"start":{"line":56,"column":31},"end":{"line":56,"column":34}},"20":{"start":{"line":57,"column":27},"end":{"line":57,"column":105}},"21":{"start":{"line":58,"column":12},"end":{"line":62,"column":15}},"22":{"start":{"line":65,"column":12},"end":{"line":69,"column":15}},"23":{"start":{"line":73,"column":31},"end":{"line":91,"column":5}},"24":{"start":{"line":74,"column":8},"end":{"line":90,"column":9}},"25":{"start":{"line":75,"column":37},"end":{"line":75,"column":40}},"26":{"start":{"line":76,"column":27},"end":{"line":76,"column":113}},"27":{"start":{"line":77,"column":12},"end":{"line":77,"column":107}},"28":{"start":{"line":78,"column":12},"end":{"line":82,"column":15}},"29":{"start":{"line":85,"column":12},"end":{"line":89,"column":15}},"30":{"start":{"line":93,"column":31},"end":{"line":109,"column":5}},"31":{"start":{"line":94,"column":8},"end":{"line":108,"column":9}},"32":{"start":{"line":95,"column":27},"end":{"line":95,"column":93}},"33":{"start":{"line":96,"column":12},"end":{"line":100,"column":15}},"34":{"start":{"line":103,"column":12},"end":{"line":107,"column":15}},"35":{"start":{"line":111,"column":28},"end":{"line":128,"column":5}},"36":{"start":{"line":112,"column":8},"end":{"line":127,"column":9}},"37":{"start":{"line":113,"column":31},"end":{"line":113,"column":34}},"38":{"start":{"line":114,"column":27},"end":{"line":114,"column":99}},"39":{"start":{"line":115,"column":12},"end":{"line":119,"column":15}},"40":{"start":{"line":122,"column":12},"end":{"line":126,"column":15}},"41":{"start":{"line":130,"column":31},"end":{"line":147,"column":5}},"42":{"start":{"line":131,"column":8},"end":{"line":146,"column":9}},"43":{"start":{"line":132,"column":31},"end":{"line":132,"column":34}},"44":{"start":{"line":133,"column":27},"end":{"line":133,"column":102}},"45":{"start":{"line":134,"column":12},"end":{"line":138,"column":15}},"46":{"start":{"line":141,"column":12},"end":{"line":145,"column":15}},"47":{"start":{"line":150,"column":0},"end":{"line":150,"column":43}}},"fnMap":{"0":{"name":"(anonymous_0)","decl":{"start":{"line":5,"column":4},"end":{"line":5,"column":5}},"loc":{"start":{"line":5,"column":18},"end":{"line":8,"column":5}},"line":5},"1":{"name":"(anonymous_1)","decl":{"start":{"line":10,"column":31},"end":{"line":10,"column":32}},"loc":{"start":{"line":10,"column":51},"end":{"line":29,"column":5}},"line":10},"2":{"name":"(anonymous_2)","decl":{"start":{"line":30,"column":43},"end":{"line":30,"column":44}},"loc":{"start":{"line":30,"column":63},"end":{"line":49,"column":5}},"line":30},"3":{"name":"(anonymous_3)","decl":{"start":{"line":54,"column":34},"end":{"line":54,"column":35}},"loc":{"start":{"line":54,"column":54},"end":{"line":71,"column":5}},"line":54},"4":{"name":"(anonymous_4)","decl":{"start":{"line":73,"column":31},"end":{"line":73,"column":32}},"loc":{"start":{"line":73,"column":51},"end":{"line":91,"column":5}},"line":73},"5":{"name":"(anonymous_5)","decl":{"start":{"line":93,"column":31},"end":{"line":93,"column":32}},"loc":{"start":{"line":93,"column":51},"end":{"line":109,"column":5}},"line":93},"6":{"name":"(anonymous_6)","decl":{"start":{"line":111,"column":28},"end":{"line":111,"column":29}},"loc":{"start":{"line":111,"column":48},"end":{"line":128,"column":5}},"line":111},"7":{"name":"(anonymous_7)","decl":{"start":{"line":130,"column":31},"end":{"line":130,"column":32}},"loc":{"start":{"line":130,"column":51},"end":{"line":147,"column":5}},"line":130}},"branchMap":{},"s":{"0":1,"1":1,"2":1,"3":1,"4":1,"5":0,"6":0,"7":0,"8":0,"9":0,"10":0,"11":1,"12":0,"13":0,"14":0,"15":0,"16":0,"17":1,"18":0,"19":0,"20":0,"21":0,"22":0,"23":1,"24":0,"25":0,"26":0,"27":0,"28":0,"29":0,"30":1,"31":1,"32":1,"33":1,"34":0,"35":1,"36":1,"37":1,"38":1,"39":1,"40":0,"41":1,"42":0,"43":0,"44":0,"45":0,"46":0,"47":1},"f":{"0":1,"1":0,"2":0,"3":0,"4":0,"5":1,"6":1,"7":0},"b":{},"_coverageSchema":"1a1c01bbd47fc00a2c39e90264f33305004495a9","hash":"2f1305101c0d649b9fc99d38de571bef7b8a6a59"}
,"C:\\Proyectos\\Esmax\\Backend\\smx-notificacion\\app\\shared\\httpCodes.js": {"path":"C:\\Proyectos\\Esmax\\Backend\\smx-notificacion\\app\\shared\\httpCodes.js","statementMap":{"0":{"start":{"line":3,"column":8},"end":{"line":3,"column":27}},"1":{"start":{"line":4,"column":8},"end":{"line":4,"column":27}},"2":{"start":{"line":5,"column":8},"end":{"line":5,"column":30}},"3":{"start":{"line":6,"column":8},"end":{"line":6,"column":32}},"4":{"start":{"line":7,"column":8},"end":{"line":7,"column":29}},"5":{"start":{"line":8,"column":8},"end":{"line":8,"column":28}},"6":{"start":{"line":9,"column":8},"end":{"line":9,"column":31}},"7":{"start":{"line":13,"column":0},"end":{"line":13,"column":26}}},"fnMap":{"0":{"name":"(anonymous_0)","decl":{"start":{"line":2,"column":4},"end":{"line":2,"column":5}},"loc":{"start":{"line":2,"column":18},"end":{"line":10,"column":5}},"line":2}},"branchMap":{},"s":{"0":2,"1":2,"2":2,"3":2,"4":2,"5":2,"6":2,"7":2},"f":{"0":2},"b":{},"_coverageSchema":"1a1c01bbd47fc00a2c39e90264f33305004495a9","hash":"233da4fa8d6b8d3b1a21a6e8f7208b2ecded017a"}
,"C:\\Proyectos\\Esmax\\Backend\\smx-notificacion\\app\\shared\\httpmessages.js": {"path":"C:\\Proyectos\\Esmax\\Backend\\smx-notificacion\\app\\shared\\httpmessages.js","statementMap":{"0":{"start":{"line":3,"column":8},"end":{"line":3,"column":33}},"1":{"start":{"line":4,"column":8},"end":{"line":4,"column":46}},"2":{"start":{"line":5,"column":8},"end":{"line":5,"column":40}},"3":{"start":{"line":6,"column":8},"end":{"line":6,"column":43}},"4":{"start":{"line":7,"column":8},"end":{"line":7,"column":37}},"5":{"start":{"line":8,"column":8},"end":{"line":8,"column":44}},"6":{"start":{"line":9,"column":8},"end":{"line":9,"column":51}},"7":{"start":{"line":10,"column":8},"end":{"line":10,"column":60}},"8":{"start":{"line":14,"column":0},"end":{"line":14,"column":29}}},"fnMap":{"0":{"name":"(anonymous_0)","decl":{"start":{"line":2,"column":4},"end":{"line":2,"column":5}},"loc":{"start":{"line":2,"column":18},"end":{"line":11,"column":5}},"line":2}},"branchMap":{},"s":{"0":4,"1":4,"2":4,"3":4,"4":4,"5":4,"6":4,"7":4,"8":2},"f":{"0":4},"b":{},"_coverageSchema":"1a1c01bbd47fc00a2c39e90264f33305004495a9","hash":"bf1f1a971776ffc9049f3bab7128a84e40446263"}
,"C:\\Proyectos\\Esmax\\Backend\\smx-notificacion\\app\\test\\mocks\\orm.mock.js": {"path":"C:\\Proyectos\\Esmax\\Backend\\smx-notificacion\\app\\test\\mocks\\orm.mock.js","statementMap":{"0":{"start":{"line":3,"column":8},"end":{"line":9,"column":11}},"1":{"start":{"line":13,"column":8},"end":{"line":18,"column":9}},"2":{"start":{"line":14,"column":12},"end":{"line":14,"column":41}},"3":{"start":{"line":15,"column":12},"end":{"line":15,"column":24}},"4":{"start":{"line":17,"column":12},"end":{"line":17,"column":24}},"5":{"start":{"line":22,"column":23},"end":{"line":22,"column":127}},"6":{"start":{"line":22,"column":64},"end":{"line":22,"column":126}},"7":{"start":{"line":23,"column":23},"end":{"line":23,"column":40}},"8":{"start":{"line":24,"column":8},"end":{"line":24,"column":66}},"9":{"start":{"line":24,"column":36},"end":{"line":24,"column":62}},"10":{"start":{"line":25,"column":8},"end":{"line":25,"column":24}},"11":{"start":{"line":29,"column":8},"end":{"line":29,"column":33}},"12":{"start":{"line":33,"column":8},"end":{"line":33,"column":103}},"13":{"start":{"line":33,"column":56},"end":{"line":33,"column":101}},"14":{"start":{"line":39,"column":8},"end":{"line":51,"column":10}},"15":{"start":{"line":55,"column":8},"end":{"line":60,"column":9}},"16":{"start":{"line":56,"column":12},"end":{"line":56,"column":47}},"17":{"start":{"line":57,"column":12},"end":{"line":57,"column":24}},"18":{"start":{"line":59,"column":12},"end":{"line":59,"column":24}},"19":{"start":{"line":64,"column":23},"end":{"line":64,"column":157}},"20":{"start":{"line":64,"column":76},"end":{"line":64,"column":156}},"21":{"start":{"line":65,"column":23},"end":{"line":65,"column":40}},"22":{"start":{"line":66,"column":8},"end":{"line":66,"column":66}},"23":{"start":{"line":66,"column":36},"end":{"line":66,"column":62}},"24":{"start":{"line":67,"column":8},"end":{"line":67,"column":24}},"25":{"start":{"line":71,"column":8},"end":{"line":71,"column":39}},"26":{"start":{"line":75,"column":8},"end":{"line":75,"column":133}},"27":{"start":{"line":75,"column":68},"end":{"line":75,"column":131}},"28":{"start":{"line":81,"column":8},"end":{"line":81,"column":53}},"29":{"start":{"line":82,"column":8},"end":{"line":82,"column":66}},"30":{"start":{"line":88,"column":8},"end":{"line":88,"column":35}},"31":{"start":{"line":92,"column":11},"end":{"line":92,"column":13}},"32":{"start":{"line":93,"column":0},"end":{"line":93,"column":31}},"33":{"start":{"line":95,"column":0},"end":{"line":95,"column":20}}},"fnMap":{"0":{"name":"(anonymous_0)","decl":{"start":{"line":2,"column":4},"end":{"line":2,"column":5}},"loc":{"start":{"line":2,"column":17},"end":{"line":10,"column":5}},"line":2},"1":{"name":"(anonymous_1)","decl":{"start":{"line":12,"column":4},"end":{"line":12,"column":5}},"loc":{"start":{"line":12,"column":23},"end":{"line":19,"column":5}},"line":12},"2":{"name":"(anonymous_2)","decl":{"start":{"line":21,"column":4},"end":{"line":21,"column":5}},"loc":{"start":{"line":21,"column":35},"end":{"line":26,"column":5}},"line":21},"3":{"name":"(anonymous_3)","decl":{"start":{"line":22,"column":46},"end":{"line":22,"column":47}},"loc":{"start":{"line":22,"column":64},"end":{"line":22,"column":126}},"line":22},"4":{"name":"(anonymous_4)","decl":{"start":{"line":24,"column":25},"end":{"line":24,"column":26}},"loc":{"start":{"line":24,"column":34},"end":{"line":24,"column":64}},"line":24},"5":{"name":"(anonymous_5)","decl":{"start":{"line":28,"column":4},"end":{"line":28,"column":5}},"loc":{"start":{"line":28,"column":19},"end":{"line":30,"column":5}},"line":28},"6":{"name":"(anonymous_6)","decl":{"start":{"line":32,"column":4},"end":{"line":32,"column":5}},"loc":{"start":{"line":32,"column":34},"end":{"line":34,"column":5}},"line":32},"7":{"name":"(anonymous_7)","decl":{"start":{"line":33,"column":38},"end":{"line":33,"column":39}},"loc":{"start":{"line":33,"column":56},"end":{"line":33,"column":101}},"line":33},"8":{"name":"(anonymous_8)","decl":{"start":{"line":38,"column":4},"end":{"line":38,"column":5}},"loc":{"start":{"line":38,"column":17},"end":{"line":52,"column":5}},"line":38},"9":{"name":"(anonymous_9)","decl":{"start":{"line":54,"column":4},"end":{"line":54,"column":5}},"loc":{"start":{"line":54,"column":23},"end":{"line":61,"column":5}},"line":54},"10":{"name":"(anonymous_10)","decl":{"start":{"line":63,"column":4},"end":{"line":63,"column":5}},"loc":{"start":{"line":63,"column":35},"end":{"line":68,"column":5}},"line":63},"11":{"name":"(anonymous_11)","decl":{"start":{"line":64,"column":52},"end":{"line":64,"column":53}},"loc":{"start":{"line":64,"column":76},"end":{"line":64,"column":156}},"line":64},"12":{"name":"(anonymous_12)","decl":{"start":{"line":66,"column":25},"end":{"line":66,"column":26}},"loc":{"start":{"line":66,"column":34},"end":{"line":66,"column":64}},"line":66},"13":{"name":"(anonymous_13)","decl":{"start":{"line":70,"column":4},"end":{"line":70,"column":5}},"loc":{"start":{"line":70,"column":19},"end":{"line":72,"column":5}},"line":70},"14":{"name":"(anonymous_14)","decl":{"start":{"line":74,"column":4},"end":{"line":74,"column":5}},"loc":{"start":{"line":74,"column":40},"end":{"line":76,"column":5}},"line":74},"15":{"name":"(anonymous_15)","decl":{"start":{"line":75,"column":44},"end":{"line":75,"column":45}},"loc":{"start":{"line":75,"column":68},"end":{"line":75,"column":131}},"line":75},"16":{"name":"(anonymous_16)","decl":{"start":{"line":80,"column":4},"end":{"line":80,"column":5}},"loc":{"start":{"line":80,"column":17},"end":{"line":83,"column":5}},"line":80},"17":{"name":"(anonymous_17)","decl":{"start":{"line":87,"column":4},"end":{"line":87,"column":5}},"loc":{"start":{"line":87,"column":17},"end":{"line":89,"column":5}},"line":87}},"branchMap":{"0":{"loc":{"start":{"line":13,"column":8},"end":{"line":18,"column":9}},"type":"if","locations":[{"start":{"line":13,"column":8},"end":{"line":18,"column":9}},{"start":{"line":16,"column":15},"end":{"line":18,"column":9}}],"line":13},"1":{"loc":{"start":{"line":55,"column":8},"end":{"line":60,"column":9}},"type":"if","locations":[{"start":{"line":55,"column":8},"end":{"line":60,"column":9}},{"start":{"line":58,"column":15},"end":{"line":60,"column":9}}],"line":55}},"s":{"0":2,"1":1,"2":1,"3":1,"4":0,"5":1,"6":1,"7":1,"8":1,"9":1,"10":1,"11":1,"12":2,"13":2,"14":2,"15":0,"16":0,"17":0,"18":0,"19":0,"20":0,"21":0,"22":0,"23":0,"24":0,"25":1,"26":1,"27":1,"28":2,"29":2,"30":2,"31":2,"32":2,"33":2},"f":{"0":2,"1":1,"2":1,"3":1,"4":1,"5":1,"6":2,"7":2,"8":2,"9":0,"10":0,"11":0,"12":0,"13":1,"14":1,"15":1,"16":2,"17":2},"b":{"0":[1,0],"1":[0,0]},"_coverageSchema":"1a1c01bbd47fc00a2c39e90264f33305004495a9","hash":"3e39a34344e6d51be299aa2ee2216b9fe59fde65"}
}
